<?xml version="1.0" encoding="UTF-8"?>
<!-- Generated by org.testng.reporters.JUnitReportReporter -->
<testsuite hostname="DESKTOP-PJAL084" name="com.cucumber.VitamixProject.chromeRunnerTest" tests="2" failures="0" timestamp="11 Dec 2019 21:07:15 GMT" time="108.643" errors="0">
  <testcase name="feature" time="33.304" classname="com.cucumber.VitamixProject.chromeRunnerTest"/>
  <testcase name="feature" time="75.339" classname="com.cucumber.VitamixProject.chromeRunnerTest"/>
</testsuite> <!-- com.cucumber.VitamixProject.chromeRunnerTest -->
