<?xml version="1.0" encoding="UTF-8"?>
<!-- Generated by org.testng.reporters.JUnitReportReporter -->
<testsuite hostname="DESKTOP-PJAL084" name="com.cucumber.VitamixProject.mozilaRunnerTest" tests="2" failures="0" timestamp="11 Dec 2019 21:07:15 GMT" time="163.438" errors="0">
  <testcase name="feature" time="107.123" classname="com.cucumber.VitamixProject.mozilaRunnerTest"/>
  <testcase name="feature" time="56.315" classname="com.cucumber.VitamixProject.mozilaRunnerTest"/>
</testsuite> <!-- com.cucumber.VitamixProject.mozilaRunnerTest -->
